Unknown configuration key throttle
do_connect: could not connect to socket
connect: No such file or directory
VBA-M (BBA) [SDL]
Searching for file vbam.cfg
Searching current directory: /mnt/hgfs/2110/hw10
Searching home directory: /home/kellen/.vbam
Searching data directory: /usr/share/vbam
Searching system config directory: /etc
Reading configuration file.
Searching for file vba-over.ini
Searching current directory: /mnt/hgfs/2110/hw10
Searching home directory: /home/kellen/.vbam
Searching data directory: /usr/share/vbam
Searching system config directory: /etc
vba-over.ini NOT FOUND (using emulator settings)
Trying patch Game.ips
Trying patch Game.ups
Trying patch Game.ppf
17:03:14 27.11.2018: Loaded battery
Trying to start LIRC: Failed
Color depth: 32
Shutting down
17:09:12 27.11.2018: Wrote battery
